<?xml version="1.0" encoding="UTF-8"?>
<testsuite name="SimpleBankSystemTest" tests="1" skipped="0" failures="0" errors="0" timestamp="2022-07-21T14:20:40" hostname="TAX-2015-024" time="2.253">
  <properties/>
  <testcase name="start" classname="SimpleBankSystemTest" time="2.253"/>
  <system-out><![CDATA[?[1;31m
Start test 1?[0m

1. Create an account
2. Log into account
0. Exit
> 0
Bye!
0
false
?[1;31m
Start test 2?[0m

1. Create an account
2. Log into account
0. Exit
> 0
Bye!
0
false
?[1;31m
Start test 3?[0m

1. Create an account
2. Log into account
0. Exit
> 0
Bye!
0
false
?[1;31m
Start test 4?[0m

1. Create an account
2. Log into account
0. Exit
> 0
Bye!
0
false
?[1;31m
Start test 5?[0m

1. Create an account
2. Log into account
0. Exit
> 1

Your card has been created
Your card number:
4000008147849306
Your card PIN:
0537
1
false

1. Create an account
2. Log into account
0. Exit
> 1

Your card has been created
Your card number:
4000002892553510
Your card PIN:
0966
1
false

1. Create an account
2. Log into account
0. Exit
> 1

Your card has been created
Your card number:
4000005901435298
Your card PIN:
0734
1
false

1. Create an account
2. Log into account
0. Exit
> 1

Your card has been created
Your card number:
4000008726920940
Your card PIN:
1027
1
false

1. Create an account
2. Log into account
0. Exit
> 1

Your card has been created
Your card number:
4000008987728990
Your card PIN:
6192
1
false

1. Create an account
2. Log into account
0. Exit
> 0
Bye!
0
false
4000008147849306
4000002892553510
4000005901435298
4000008726920940
4000008987728990
?[1;31m
Start test 6?[0m

1. Create an account
2. Log into account
0. Exit
> 1

Your card has been created
Your card number:
4000009351249993
Your card PIN:
6872
1
false

1. Create an account
2. Log into account
0. Exit
> 2

Enter your card number:
> 4000009351249993
Enter your PIN:
> 6872

You have successfully logged in!

1. Balance
2. Log out
0. Exit
> 0

Bye!
2
true
?[1;31m
Start test 7?[0m

1. Create an account
2. Log into account
0. Exit
> 1

Your card has been created
Your card number:
4000001126431626
Your card PIN:
4429
1
false

1. Create an account
2. Log into account
0. Exit
> 2

Enter your card number:
> 4000001126431626
Enter your PIN:
> 6640

Wrong card number or PIN!
2
false

1. Create an account
2. Log into account
0. Exit
> 0
Bye!
0
false
?[1;31m
Start test 8?[0m

1. Create an account
2. Log into account
0. Exit
> 1

Your card has been created
Your card number:
4000002276168125
Your card PIN:
8086
1
false

1. Create an account
2. Log into account
0. Exit
> 2

Enter your card number:
> 400000712688930
Enter your PIN:
> 8086

Wrong card number or PIN!
2
false

1. Create an account
2. Log into account
0. Exit
> 0
Bye!
0
false
?[1;31m
Start test 9?[0m

1. Create an account
2. Log into account
0. Exit
> 1

Your card has been created
Your card number:
4000004828909675
Your card PIN:
3404
1
false

1. Create an account
2. Log into account
0. Exit
> 2

Enter your card number:
> 4000004828909675
Enter your PIN:
> 3404

You have successfully logged in!

1. Balance
2. Log out
0. Exit
> 1

Balance: 0

1. Balance
2. Log out
0. Exit
> 0

Bye!
2
true
]]></system-out>
  <system-err><![CDATA[]]></system-err>
</testsuite>
